[debug] [2025-08-12T12:28:22.029Z] ----------------------------------------------------------------------
[debug] [2025-08-12T12:28:22.034Z] Command:       C:\Program Files\nodejs\node.exe C:\Users\ernes\AppData\Roaming\npm\node_modules\firebase-tools\lib\bin\firebase.js init
[debug] [2025-08-12T12:28:22.034Z] CLI Version:   14.12.0
[debug] [2025-08-12T12:28:22.035Z] Platform:      win32
[debug] [2025-08-12T12:28:22.035Z] Node Version:  v20.18.0
[debug] [2025-08-12T12:28:22.035Z] Time:          Tue Aug 12 2025 05:28:22 GMT-0700 (Pacific Daylight Time)
[debug] [2025-08-12T12:28:22.036Z] ----------------------------------------------------------------------
[debug] 
[debug] [2025-08-12T12:28:22.045Z] > command requires scopes: ["email","openid","https://www.googleapis.com/auth/cloudplatformprojects.readonly","https://www.googleapis.com/auth/firebase","https://www.googleapis.com/auth/cloud-platform"]
[debug] [2025-08-12T12:28:22.046Z] > authorizing via signed-in user (ernestkorongo@gmail.com)
[info] 
     ######## #### ########  ######## ########     ###     ######  ########
     ##        ##  ##     ## ##       ##     ##  ##   ##  ##       ##
     ######    ##  ########  ######   ########  #########  ######  ######
     ##        ##  ##    ##  ##       ##     ## ##     ##       ## ##
     ##       #### ##     ## ######## ########  ##     ##  ######  ########

You're about to initialize a Firebase project in this directory:

  C:\travel-project (final)\travel-project

Before we get started, keep in mind:

  * You are currently outside your home directory

